2025-12-30 21:18:25,175 - db_helper - INFO - running fetch_expenses_for_date is called with 2024-08-02
2025-12-30 21:18:33,207 - db_helper - INFO - running fetch_expenses_for_date is called with 2024-08-02
2025-12-30 21:20:26,527 - db_helper - INFO - running fetch_expenses_for_date is called with 2024-08-02
2025-12-30 21:20:42,796 - db_helper - INFO - running fetch_expenses_for_date is called with 2024-08-01
2025-12-30 21:21:57,179 - db_helper - INFO -  add_expenses_for_date is called with 2024-08-02500.0FoodBus fare
2025-12-30 22:33:17,957 - db_helper - INFO - running fetch_expenses_for_date is called with 2024-08-01
2025-12-30 22:33:20,629 - db_helper - INFO - running fetch_expenses_for_date is called with 2024-08-02
2025-12-30 22:33:24,739 - db_helper - INFO - running fetch_expenses_for_date is called with 2024-08-01
2025-12-30 22:37:11,165 - db_helper - INFO - running fetch_expenses_for_date is called with 2024-08-01
2025-12-30 22:52:09,107 - db_helper - INFO - running fetch_expenses_for_date is called with 2024-08-01
2025-12-30 22:52:12,906 - db_helper - INFO - running fetch_expenses_for_date is called with 2024-08-01
2025-12-30 22:52:20,934 - db_helper - INFO - running fetch_expenses_for_date is called with 2024-08-01
2025-12-30 22:52:25,450 - db_helper - INFO - running fetch_expenses_for_date is called with 2024-08-02
2025-12-30 22:54:36,159 - db_helper - INFO - running fetch_expenses_for_date is called with 2024-08-01
2025-12-30 22:54:55,262 - db_helper - INFO - running fetch_expenses_for_date is called with 2024-08-01
2025-12-30 22:54:58,569 - db_helper - INFO - running fetch_expenses_for_date is called with 2024-08-01
2025-12-30 22:57:07,904 - db_helper - INFO - running fetch_expenses_for_date is called with 2024-08-01
2025-12-30 22:57:10,993 - db_helper - INFO - running fetch_expenses_for_date is called with 2024-08-01
2025-12-30 22:57:11,816 - db_helper - INFO - running fetch_expenses_for_date is called with 2024-08-01
2025-12-30 22:57:12,573 - db_helper - INFO - running fetch_expenses_for_date is called with 2024-08-01
2025-12-30 22:57:13,360 - db_helper - INFO - running fetch_expenses_for_date is called with 2024-08-01
2025-12-30 22:57:32,706 - db_helper - INFO - running fetch_expenses_for_date is called with 2024-08-01
2025-12-30 22:57:35,159 - db_helper - INFO - running fetch_expenses_for_date is called with 2024-08-01
2025-12-30 22:57:36,389 - db_helper - INFO - running fetch_expenses_for_date is called with 2024-08-01
2025-12-30 22:57:37,594 - db_helper - INFO - running fetch_expenses_for_date is called with 2024-08-01
2025-12-30 22:58:07,861 - db_helper - INFO - running fetch_expenses_for_date is called with 2024-08-01
2025-12-30 22:58:08,236 - db_helper - INFO - running fetch_expenses_for_date is called with 2024-08-01
2025-12-30 22:58:08,393 - db_helper - INFO - running fetch_expenses_for_date is called with 2024-08-01
2025-12-30 22:58:08,574 - db_helper - INFO - running fetch_expenses_for_date is called with 2024-08-01
2025-12-30 23:01:46,591 - db_helper - INFO - running fetch_expenses_for_date is called with 2024-08-01
2025-12-30 23:01:59,998 - db_helper - INFO - running fetch_expenses_for_date is called with 2024-08-01
2025-12-30 23:06:13,975 - db_helper - INFO - running fetch_expenses_for_date is called with 2024-08-01
2025-12-30 23:06:34,137 - db_helper - INFO - running fetch_expenses_for_date is called with 2024-08-01
2025-12-30 23:08:52,929 - db_helper - INFO - running fetch_expenses_for_date is called with 2024-08-01
2025-12-30 23:09:02,008 - db_helper - INFO - running fetch_expenses_for_date is called with 2024-08-01
2025-12-30 23:10:12,925 - db_helper - INFO - running fetch_expenses_for_date is called with 2024-08-01
2025-12-30 23:10:47,961 - db_helper - INFO - running fetch_expenses_for_date is called with 2024-08-01
2025-12-30 23:11:16,934 - db_helper - INFO - running fetch_expenses_for_date is called with 2024-08-01
2025-12-30 23:15:40,392 - db_helper - INFO - running fetch_expenses_for_date is called with 2024-08-01
2025-12-30 23:15:46,645 - db_helper - INFO - running fetch_expenses_for_date is called with 2024-08-01
2025-12-30 23:19:14,342 - db_helper - INFO - running fetch_expenses_for_date is called with 2024-08-01
2025-12-30 23:19:57,099 - db_helper - INFO - running fetch_expenses_for_date is called with 2024-08-01
2025-12-30 23:19:59,909 - db_helper - INFO - running fetch_expenses_for_date is called with 2024-08-01
2025-12-30 23:20:04,178 - db_helper - INFO - running fetch_expenses_for_date is called with 2024-08-01
2025-12-30 23:20:24,162 - db_helper - INFO - running fetch_expenses_for_date is called with 2024-08-01
2025-12-30 23:20:40,417 - db_helper - INFO - running fetch_expenses_for_date is called with 2024-08-01
2025-12-30 23:20:51,480 - db_helper - INFO - running fetch_expenses_for_date is called with 2024-08-01
2025-12-30 23:21:29,255 - db_helper - INFO - running fetch_expenses_for_date is called with 2024-08-02
2025-12-30 23:21:49,823 - db_helper - INFO - running fetch_expenses_for_date is called with 2024-08-02
2025-12-30 23:21:52,320 - db_helper - INFO - running fetch_expenses_for_date is called with 2024-08-03
2025-12-30 23:22:03,060 - db_helper - INFO - running fetch_expenses_for_date is called with 2024-08-03
2025-12-30 23:22:05,665 - db_helper - INFO - running fetch_expenses_for_date is called with 2024-08-04
2025-12-30 23:22:15,384 - db_helper - INFO - running fetch_expenses_for_date is called with 2024-08-04
2025-12-30 23:22:18,848 - db_helper - INFO - running fetch_expenses_for_date is called with 2024-08-11
2025-12-30 23:22:20,912 - db_helper - INFO - running fetch_expenses_for_date is called with 2024-08-08
2025-12-30 23:22:22,818 - db_helper - INFO - running fetch_expenses_for_date is called with 2024-08-01
2025-12-30 23:22:24,531 - db_helper - INFO - running fetch_expenses_for_date is called with 2024-08-02
2025-12-30 23:22:26,553 - db_helper - INFO - running fetch_expenses_for_date is called with 2024-08-03
2025-12-30 23:22:28,043 - db_helper - INFO - running fetch_expenses_for_date is called with 2024-08-01
2025-12-30 23:22:30,215 - db_helper - INFO - running fetch_expenses_for_date is called with 2024-08-01
2025-12-30 23:22:36,679 - db_helper - INFO - running fetch_expenses_for_date is called with 2024-08-02
2025-12-30 23:22:42,244 - db_helper - INFO - running fetch_expenses_for_date is called with 2024-08-02
2025-12-30 23:22:44,133 - db_helper - INFO - running fetch_expenses_for_date is called with 2024-08-03
2025-12-30 23:22:45,554 - db_helper - INFO - running fetch_expenses_for_date is called with 2024-08-01
2025-12-30 23:22:46,886 - db_helper - INFO - running fetch_expenses_for_date is called with 2024-08-01
2025-12-30 23:22:49,372 - db_helper - INFO - running fetch_expenses_for_date is called with 2024-08-02
2025-12-30 23:22:52,206 - db_helper - INFO - running fetch_expenses_for_date is called with 2024-08-01
2025-12-30 23:22:53,963 - db_helper - INFO - running fetch_expenses_for_date is called with 2024-08-03
2025-12-30 23:22:56,152 - db_helper - INFO - running fetch_expenses_for_date is called with 2024-08-02
2025-12-30 23:23:08,761 - db_helper - INFO - running fetch_expenses_for_date is called with 2024-08-01
2025-12-30 23:23:11,117 - db_helper - INFO - running fetch_expenses_for_date is called with 2024-08-02
2025-12-30 23:23:21,769 - db_helper - INFO - running fetch_expenses_for_date is called with 2024-08-01
2025-12-30 23:23:24,040 - db_helper - INFO - running fetch_expenses_for_date is called with 2024-08-02
2025-12-30 23:23:27,910 - db_helper - INFO - running fetch_expenses_for_date is called with 2024-08-01
2025-12-30 23:23:30,564 - db_helper - INFO - running fetch_expenses_for_date is called with 2024-08-02
2025-12-30 23:23:32,512 - db_helper - INFO - running fetch_expenses_for_date is called with 2024-08-03
2025-12-30 23:23:33,853 - db_helper - INFO - running fetch_expenses_for_date is called with 2024-08-04
2025-12-30 23:23:58,454 - db_helper - INFO - running fetch_expenses_for_date is called with 2024-08-01
2025-12-30 23:24:01,035 - db_helper - INFO - running fetch_expenses_for_date is called with 2024-08-02
2025-12-30 23:24:02,923 - db_helper - INFO - running fetch_expenses_for_date is called with 2024-08-03
2025-12-31 22:45:54,524 - db_helper - INFO - running fetch_expenses_for_date is called with 2024-08-01
2025-12-31 22:45:57,421 - db_helper - INFO - running fetch_expenses_for_date is called with 2024-08-02
2025-12-31 22:46:00,705 - db_helper - INFO - running fetch_expenses_for_date is called with 2024-08-02
2025-12-31 22:46:02,912 - db_helper - INFO - running fetch_expenses_for_date is called with 2024-08-03
2025-12-31 22:46:05,283 - db_helper - INFO - running fetch_expenses_for_date is called with 2024-08-04
2025-12-31 22:46:07,580 - db_helper - INFO - running fetch_expenses_for_date is called with 2024-08-01
2025-12-31 22:46:09,683 - db_helper - INFO - running fetch_expenses_for_date is called with 2024-08-04
2025-12-31 22:46:15,272 - db_helper - INFO - running fetch_expenses_for_date is called with 2024-08-07
2025-12-31 22:48:48,861 - db_helper - INFO - running fetch_expenses_for_date is called with 2024-08-02
2025-12-31 22:48:51,246 - db_helper - INFO - running fetch_expenses_for_date is called with 2024-08-02
2025-12-31 22:48:53,784 - db_helper - INFO - running fetch_expenses_for_date is called with 2024-08-01
2025-12-31 22:48:56,397 - db_helper - INFO - running fetch_expenses_for_date is called with 2024-08-02
2025-12-31 22:48:57,914 - db_helper - INFO - running fetch_expenses_for_date is called with 2024-08-03
2025-12-31 22:48:59,420 - db_helper - INFO - running fetch_expenses_for_date is called with 2024-08-01
2025-12-31 22:49:01,994 - db_helper - INFO - running fetch_expenses_for_date is called with 2024-08-01
2025-12-31 22:49:49,578 - db_helper - INFO - running fetch_expenses_for_date is called with 2024-08-02
2025-12-31 22:49:56,017 - db_helper - INFO - running fetch_expenses_for_date is called with 2024-08-01
2025-12-31 22:50:00,838 - db_helper - INFO - running fetch_expenses_for_date is called with 2024-08-03
2025-12-31 22:50:13,439 - db_helper - INFO - running fetch_expenses_for_date is called with 2024-08-01
2025-12-31 22:50:14,431 - db_helper - INFO - running fetch_expenses_for_date is called with 2024-08-02
2025-12-31 22:50:17,577 - db_helper - INFO - running fetch_expenses_for_date is called with 2024-08-01
2025-12-31 22:50:18,947 - db_helper - INFO - running fetch_expenses_for_date is called with 2024-08-02
2025-12-31 22:50:25,356 - db_helper - INFO - running fetch_expenses_for_date is called with 2024-08-01
2025-12-31 22:51:30,806 - db_helper - INFO - running fetch_expenses_for_date is called with 2024-08-02
2025-12-31 22:51:39,236 - db_helper - INFO - running fetch_expenses_for_date is called with 2024-08-01
2025-12-31 22:51:45,773 - db_helper - INFO - running fetch_expenses_for_date is called with 2024-08-03
2025-12-31 22:51:47,940 - db_helper - INFO - running fetch_expenses_for_date is called with 2024-08-01
2025-12-31 22:54:04,549 - db_helper - INFO - running fetch_expenses_for_date is called with 2024-08-02
2025-12-31 22:54:07,548 - db_helper - INFO - running fetch_expenses_for_date is called with 2024-08-03
2025-12-31 22:54:09,559 - db_helper - INFO - running fetch_expenses_for_date is called with 2024-08-04
2025-12-31 22:54:11,467 - db_helper - INFO - running fetch_expenses_for_date is called with 2024-08-01
2025-12-31 22:54:13,744 - db_helper - INFO - running fetch_expenses_for_date is called with 2024-08-02
2025-12-31 22:54:19,653 - db_helper - INFO - running fetch_expenses_for_date is called with 2024-08-01
2025-12-31 22:54:22,267 - db_helper - INFO - running fetch_expenses_for_date is called with 2024-08-03
2025-12-31 22:54:24,162 - db_helper - INFO - running fetch_expenses_for_date is called with 2024-08-04
2025-12-31 22:54:26,232 - db_helper - INFO - running fetch_expenses_for_date is called with 2024-08-05
2025-12-31 22:54:27,885 - db_helper - INFO - running fetch_expenses_for_date is called with 2024-08-15
2025-12-31 22:54:30,022 - db_helper - INFO - running fetch_expenses_for_date is called with 2024-08-16
2025-12-31 22:54:37,467 - db_helper - INFO - running fetch_expenses_for_date is called with 2024-08-01
2025-12-31 22:54:39,137 - db_helper - INFO - running fetch_expenses_for_date is called with 2024-08-02
2025-12-31 22:54:40,559 - db_helper - INFO - running fetch_expenses_for_date is called with 2024-08-03
2025-12-31 22:54:48,838 - db_helper - INFO - running fetch_expenses_for_date is called with 2024-08-04
2025-12-31 22:54:50,565 - db_helper - INFO - running fetch_expenses_for_date is called with 2024-08-03
2025-12-31 22:54:51,822 - db_helper - INFO - running fetch_expenses_for_date is called with 2024-08-02
2025-12-31 22:54:53,020 - db_helper - INFO - running fetch_expenses_for_date is called with 2024-08-01
2025-12-31 22:56:30,539 - db_helper - INFO - running fetch_expenses_for_date is called with 2024-08-02
2025-12-31 22:56:32,018 - db_helper - INFO - running fetch_expenses_for_date is called with 2024-08-01
2025-12-31 22:56:33,396 - db_helper - INFO - running fetch_expenses_for_date is called with 2024-08-03
2025-12-31 22:56:34,629 - db_helper - INFO - running fetch_expenses_for_date is called with 2024-08-04
2025-12-31 22:56:36,304 - db_helper - INFO - running fetch_expenses_for_date is called with 2024-08-12
2025-12-31 22:56:37,849 - db_helper - INFO - running fetch_expenses_for_date is called with 2024-08-13
2025-12-31 22:56:39,168 - db_helper - INFO - running fetch_expenses_for_date is called with 2024-08-15
2025-12-31 22:56:40,551 - db_helper - INFO - running fetch_expenses_for_date is called with 2024-08-16
2025-12-31 22:56:42,508 - db_helper - INFO - running fetch_expenses_for_date is called with 2024-08-17
2025-12-31 22:56:44,297 - db_helper - INFO - running fetch_expenses_for_date is called with 2024-08-01
2025-12-31 23:14:35,021 - db_helper - INFO - running fetch_expenses_for_date is called with 2024-08-02
2025-12-31 23:14:37,952 - db_helper - INFO - running fetch_expenses_for_date is called with 2024-08-04
2025-12-31 23:14:39,930 - db_helper - INFO - running fetch_expenses_for_date is called with 2024-08-03
2025-12-31 23:14:42,260 - db_helper - INFO - running fetch_expenses_for_date is called with 2024-08-01
2025-12-31 23:14:44,729 - db_helper - INFO - running fetch_expenses_for_date is called with 2024-08-02
2025-12-31 23:14:46,758 - db_helper - INFO - running fetch_expenses_for_date is called with 2024-08-03
2025-12-31 23:14:49,837 - db_helper - INFO - running fetch_expenses_for_date is called with 2024-08-04
2025-12-31 23:14:59,451 - db_helper - INFO - running fetch_expenses_for_date is called with 2024-08-03
2025-12-31 23:15:00,516 - db_helper - INFO - running fetch_expenses_for_date is called with 2024-08-04
2025-12-31 23:15:01,810 - db_helper - INFO - running fetch_expenses_for_date is called with 2024-08-06
2025-12-31 23:15:03,601 - db_helper - INFO - running fetch_expenses_for_date is called with 2024-08-16
2025-12-31 23:15:04,984 - db_helper - INFO - running fetch_expenses_for_date is called with 2024-08-01
2025-12-31 23:15:06,069 - db_helper - INFO - running fetch_expenses_for_date is called with 2024-08-02
2025-12-31 23:15:07,892 - db_helper - INFO - running fetch_expenses_for_date is called with 2024-08-03
2025-12-31 23:15:11,011 - db_helper - INFO - running fetch_expenses_for_date is called with 2024-08-23
2025-12-31 23:15:13,554 - db_helper - INFO - running fetch_expenses_for_date is called with 2024-08-31
2025-12-31 23:15:27,714 - db_helper - INFO - running fetch_expenses_for_date is called with 2025-12-31
2025-12-31 23:15:34,282 - db_helper - INFO - running fetch_expenses_for_date is called with 2025-12-30
2025-12-31 23:15:36,760 - db_helper - INFO - running fetch_expenses_for_date is called with 2025-12-11
2025-12-31 23:15:40,603 - db_helper - INFO - running fetch_expenses_for_date is called with 2025-12-05
2025-12-31 23:15:48,066 - db_helper - INFO - running fetch_expenses_for_date is called with 2024-10-01
2025-12-31 23:15:55,293 - db_helper - INFO - running fetch_expenses_for_date is called with 2024-08-01
2025-12-31 23:16:07,095 - db_helper - INFO - running fetch_expenses_for_date is called with 2024-08-02
2025-12-31 23:16:08,799 - db_helper - INFO - running fetch_expenses_for_date is called with 2024-08-01
2025-12-31 23:16:36,128 - db_helper - INFO - running fetch_expenses_for_date is called with 2024-08-02
2025-12-31 23:16:37,830 - db_helper - INFO - running fetch_expenses_for_date is called with 2024-08-02
2025-12-31 23:16:41,953 - db_helper - INFO - running fetch_expenses_for_date is called with 2024-08-01
2025-12-31 23:16:44,052 - db_helper - INFO - running fetch_expenses_for_date is called with 2024-08-01
2025-12-31 23:16:45,662 - db_helper - INFO - running fetch_expenses_for_date is called with 2024-08-02
2025-12-31 23:16:55,439 - db_helper - INFO - running fetch_expenses_for_date is called with 2024-08-01
2025-12-31 23:17:05,670 - db_helper - INFO - running fetch_expenses_for_date is called with 2024-08-24
2025-12-31 23:18:45,652 - db_helper - INFO - running fetch_expenses_for_date is called with 2024-08-01
2026-01-02 19:50:05,516 - db_helper - INFO - running fetch_expenses_for_date is called with 2024-08-02
2026-01-02 19:50:07,622 - db_helper - INFO - running fetch_expenses_for_date is called with 2024-08-01
2026-01-02 19:50:18,866 - db_helper - INFO - running fetch_expenses_for_date is called with 2024-08-16
2026-01-02 19:50:21,447 - db_helper - INFO - running fetch_expenses_for_date is called with 2024-08-02
2026-01-02 19:50:23,026 - db_helper - INFO - running fetch_expenses_for_date is called with 2024-08-03
2026-01-02 19:50:27,956 - db_helper - INFO - running fetch_expenses_for_date is called with 2024-08-04
2026-01-02 19:52:43,438 - db_helper - INFO - running fetch_expenses_for_date is called with 2024-08-17
2026-01-02 19:53:12,102 - db_helper - INFO - running fetch_expenses_for_date is called with 2024-08-15
2026-01-02 19:53:13,985 - db_helper - INFO - running fetch_expenses_for_date is called with 2024-08-16
2026-01-02 19:53:15,921 - db_helper - INFO - running fetch_expenses_for_date is called with 2024-08-24
2026-01-02 19:53:18,634 - db_helper - INFO - running fetch_expenses_for_date is called with 2024-08-31
2026-01-02 19:53:21,081 - db_helper - INFO - running fetch_expenses_for_date is called with 2024-08-01
2026-01-02 19:53:34,994 - db_helper - INFO - running fetch_expenses_for_date is called with 2024-08-02
2026-01-02 19:53:41,215 - db_helper - INFO - running fetch_expenses_for_date is called with 2024-08-01
2026-01-02 19:54:24,896 - db_helper - INFO - running fetch_expenses_for_date is called with 2024-08-02
2026-01-02 19:54:33,311 - db_helper - INFO - running fetch_expenses_for_date is called with 2024-08-02
2026-01-02 19:54:34,673 - db_helper - INFO - running fetch_expenses_for_date is called with 2024-08-01
2026-01-02 19:54:41,240 - db_helper - INFO - running fetch_expenses_for_date is called with 2024-08-17
2026-01-02 19:54:45,570 - db_helper - INFO - running fetch_expenses_for_date is called with 2024-08-16
2026-01-02 19:54:47,543 - db_helper - INFO - running fetch_expenses_for_date is called with 2024-08-10
2026-01-02 19:54:49,170 - db_helper - INFO - running fetch_expenses_for_date is called with 2024-08-04
2026-01-02 20:05:31,141 - db_helper - INFO - running fetch_expenses_for_date is called with 2024-08-08
2026-01-02 20:05:33,279 - db_helper - INFO - running fetch_expenses_for_date is called with 2024-08-01
2026-01-02 20:05:40,778 - db_helper - INFO - running fetch_expenses_for_date is called with 2024-08-02
2026-01-02 20:05:46,938 - db_helper - INFO - running fetch_expenses_for_date is called with 2024-08-02
2026-01-02 20:06:10,070 - db_helper - INFO - running fetch_expenses_for_date is called with 2024-08-24
2026-01-02 20:06:12,874 - db_helper - INFO - running fetch_expenses_for_date is called with 2024-08-25
2026-01-02 20:06:14,569 - db_helper - INFO - running fetch_expenses_for_date is called with 2024-08-23
2026-01-02 20:06:16,477 - db_helper - INFO - running fetch_expenses_for_date is called with 2024-08-22
2026-01-02 20:06:18,298 - db_helper - INFO - running fetch_expenses_for_date is called with 2024-08-01
2026-01-02 20:07:29,115 - db_helper - INFO - running fetch_expenses_for_date is called with 2024-08-02
2026-01-02 20:07:32,535 - db_helper - INFO - running fetch_expenses_for_date is called with 2024-08-03
2026-01-02 20:07:37,653 - db_helper - INFO - running fetch_expenses_for_date is called with 2024-08-01
2026-01-02 20:07:39,702 - db_helper - INFO - running fetch_expenses_for_date is called with 2024-08-02
2026-01-02 20:14:08,713 - db_helper - INFO - running fetch_expenses_for_date is called with 2024-08-01
2026-01-02 20:14:12,541 - db_helper - INFO - running fetch_expenses_for_date is called with 2024-08-02
2026-01-02 20:14:16,100 - db_helper - INFO - running fetch_expenses_for_date is called with 2024-08-03
2026-01-02 20:14:19,305 - db_helper - INFO - running fetch_expenses_for_date is called with 2024-08-22
2026-01-02 20:14:24,262 - db_helper - INFO - running fetch_expenses_for_date is called with 2024-08-16
2026-01-02 20:14:26,641 - db_helper - INFO - running fetch_expenses_for_date is called with 2024-08-02
2026-01-02 20:48:35,242 - db_helper - INFO - running fetch_expense_summary is called with 2024-08-012024-08-02
2026-01-02 21:01:02,756 - db_helper - INFO - running fetch_expense_summary is called with 2024-08-012024-08-05
2026-01-02 21:01:29,858 - db_helper - INFO - running fetch_expense_summary is called with 2024-07-012024-08-05
2026-01-02 21:01:40,822 - db_helper - INFO - running fetch_expense_summary is called with 2024-07-012024-08-25
2026-01-02 21:05:49,759 - db_helper - INFO - running fetch_expense_summary is called with 2024-07-012024-08-25
2026-01-02 21:05:51,068 - db_helper - INFO - running fetch_expense_summary is called with 2024-07-012024-08-25
2026-01-02 21:07:11,996 - db_helper - INFO - running fetch_expense_summary is called with 2024-07-012024-08-25
2026-01-02 21:07:34,572 - db_helper - INFO - running fetch_expense_summary is called with 2024-07-012024-08-25
2026-01-02 21:08:12,119 - db_helper - INFO - running fetch_expense_summary is called with 2024-07-012024-08-25
2026-01-02 21:26:18,051 - db_helper - INFO - running fetch_expense_summary is called with 2024-07-012024-08-25
2026-01-02 21:27:04,482 - db_helper - INFO - running fetch_expense_summary is called with 2024-07-012024-08-25
2026-01-02 21:27:17,110 - db_helper - INFO - running fetch_expense_summary is called with 2024-07-012024-08-25
2026-01-03 23:05:41,896 - db_helper - INFO - running fetch_expenses_for_date is called with 2024-08-02
2026-01-03 23:05:45,170 - db_helper - INFO - running fetch_expenses_for_date is called with 2024-08-03
2026-01-03 23:07:05,329 - db_helper - INFO - running fetch_expenses_for_date is called with 2024-08-03
2026-01-03 23:12:25,623 - db_helper - INFO - running fetch_expenses_for_date is called with 2024-08-03
2026-01-03 23:12:27,157 - db_helper - INFO - running fetch_expenses_for_date is called with 2024-08-03
2026-01-03 23:12:27,548 - db_helper - INFO - running fetch_expenses_for_date is called with 2024-08-03
2026-01-03 23:12:27,739 - db_helper - INFO - running fetch_expenses_for_date is called with 2024-08-03
2026-01-03 23:12:27,901 - db_helper - INFO - running fetch_expenses_for_date is called with 2024-08-03
2026-01-03 23:14:53,708 - db_helper - INFO - running fetch_expenses_for_date is called with 2024-08-03
2026-01-03 23:18:50,579 - db_helper - INFO - running fetch_expenses_for_date is called with 2024-08-03
2026-01-03 23:19:00,566 - db_helper - INFO - running fetch_expenses_for_date is called with 2024-08-03
2026-01-03 23:19:07,960 - db_helper - INFO - running fetch_expenses_for_date is called with 2024-08-03
2026-01-03 23:19:08,590 - db_helper - INFO - running fetch_expenses_for_date is called with 2024-08-03
2026-01-03 23:19:30,736 - db_helper - INFO - running fetch_expenses_for_date is called with 2024-08-03
2026-01-03 23:22:53,593 - db_helper - INFO - running fetch_expenses_for_date is called with 2024-08-03
2026-01-03 23:23:02,355 - db_helper - INFO - running fetch_expenses_for_date is called with 2024-08-03
2026-01-03 23:23:36,365 - db_helper - INFO - running fetch_expenses_for_date is called with 2024-08-03
2026-01-03 23:23:38,137 - db_helper - INFO - running fetch_expenses_for_date is called with 2024-08-03
2026-01-03 23:23:38,338 - db_helper - INFO - running fetch_expenses_for_date is called with 2024-08-03
2026-01-03 23:23:38,511 - db_helper - INFO - running fetch_expenses_for_date is called with 2024-08-03
2026-01-03 23:23:38,677 - db_helper - INFO - running fetch_expenses_for_date is called with 2024-08-03
2026-01-03 23:23:38,837 - db_helper - INFO - running fetch_expenses_for_date is called with 2024-08-03
2026-01-03 23:23:48,015 - db_helper - INFO - running fetch_expenses_for_date is called with 2024-08-03
2026-01-03 23:23:48,953 - db_helper - INFO - running fetch_expenses_for_date is called with 2024-08-03
2026-01-03 23:24:12,380 - db_helper - INFO - running fetch_expense_summary is called with 2024-07-012024-08-25
2026-01-03 23:24:21,713 - db_helper - INFO - running fetch_expense_summary is called with 2024-08-012024-08-25
2026-01-03 23:24:44,881 - db_helper - INFO - running fetch_expense_summary is called with 2024-08-012024-08-02
2026-01-03 23:24:45,304 - db_helper - INFO - running fetch_expense_summary is called with 2024-08-012024-08-02
2026-01-03 23:24:48,933 - db_helper - INFO - running fetch_expenses_for_date is called with 2024-08-03
2026-01-03 23:24:49,493 - db_helper - INFO - running fetch_expenses_for_date is called with 2024-08-03
2026-01-03 23:24:49,661 - db_helper - INFO - running fetch_expenses_for_date is called with 2024-08-03
2026-01-03 23:24:49,801 - db_helper - INFO - running fetch_expenses_for_date is called with 2024-08-03
2026-01-03 23:24:49,912 - db_helper - INFO - running fetch_expenses_for_date is called with 2024-08-03
2026-01-03 23:25:55,434 - db_helper - INFO - running fetch_expenses_for_date is called with 2024-08-03
2026-01-03 23:27:35,081 - db_helper - INFO - running fetch_expenses_for_date is called with 2024-08-03
2026-01-03 23:28:34,251 - db_helper - INFO - running fetch_expenses_for_date is called with 2024-08-03
2026-01-03 23:28:36,134 - db_helper - INFO - running fetch_expenses_for_date is called with 2024-08-03
2026-01-03 23:28:53,531 - db_helper - INFO - running fetch_expense_summary is called with 2024-08-012024-08-02
2026-01-03 23:29:08,942 - db_helper - INFO - running fetch_expenses_for_date is called with 2024-08-03
2026-01-03 23:29:09,740 - db_helper - INFO - running fetch_expenses_for_date is called with 2024-08-03
2026-01-03 23:29:09,937 - db_helper - INFO - running fetch_expenses_for_date is called with 2024-08-03
2026-01-03 23:29:10,167 - db_helper - INFO - running fetch_expenses_for_date is called with 2024-08-03
2026-01-04 13:34:13,363 - db_helper - INFO - running fetch_expenses_for_date is called with 2024-08-02
2026-01-04 13:34:16,405 - db_helper - INFO - running fetch_expenses_for_date is called with 2024-08-02
2026-01-04 13:34:22,081 - db_helper - INFO - running fetch_expense_summary is called with 2024-08-012024-08-02
2026-01-04 13:35:34,808 - db_helper - INFO - running fetch_expenses_for_date is called with 2024-08-02
2026-01-04 13:35:57,481 - db_helper - INFO - running fetch_expense_summary is called with 2024-08-012024-08-02
2026-01-04 13:36:06,736 - db_helper - INFO - running fetch_expenses_for_date is called with 2024-08-02
2026-01-04 13:36:13,781 - db_helper - INFO - running fetch_expenses_for_date is called with 2024-08-02
2026-01-04 13:36:14,897 - db_helper - INFO - running fetch_expenses_for_date is called with 2024-08-02
2026-01-04 13:38:13,781 - db_helper - INFO - running fetch_expenses_for_date is called with 2024-08-02
2026-01-04 13:38:13,817 - db_helper - INFO - running fetch_expense_summary is called with 2024-08-012024-08-03
2026-01-04 13:53:12,025 - db_helper - INFO - running fetch_expenses_for_date is called with 2024-08-02
2026-01-04 13:53:12,064 - db_helper - INFO - running fetch_expense_summary is called with 2024-08-012024-08-03
2026-01-04 13:53:41,694 - db_helper - INFO - running fetch_expenses_for_date is called with 2024-08-02
2026-01-04 13:53:41,733 - db_helper - INFO - running fetch_expense_summary is called with 2024-08-012024-08-03
2026-01-04 13:54:09,121 - db_helper - INFO - running fetch_expenses_for_date is called with 2024-08-02
2026-01-04 13:54:09,162 - db_helper - INFO - running fetch_expense_summary is called with 2024-08-012024-08-03
2026-01-04 13:54:23,522 - db_helper - INFO - running fetch_expenses_for_date is called with 2024-08-02
2026-01-04 13:54:23,558 - db_helper - INFO - running fetch_expense_summary is called with 2024-08-012024-08-03
2026-01-04 13:54:42,378 - db_helper - INFO - running fetch_expenses_for_date is called with 2024-08-02
2026-01-04 13:54:42,422 - db_helper - INFO - running fetch_expense_summary is called with 2024-08-012024-08-03
2026-01-04 13:54:53,727 - db_helper - INFO - running fetch_expenses_for_date is called with 2024-08-02
2026-01-04 13:54:56,782 - db_helper - INFO - running fetch_expenses_for_date is called with 2024-08-02
2026-01-04 13:54:56,813 - db_helper - INFO - running fetch_expense_summary is called with 2026-01-042026-01-04
2026-01-04 13:55:07,967 - db_helper - INFO - running fetch_expenses_for_date is called with 2024-08-02
2026-01-04 13:55:08,002 - db_helper - INFO - running fetch_expense_summary is called with 2026-01-042026-01-04
2026-01-04 13:55:14,005 - db_helper - INFO - running fetch_expenses_for_date is called with 2024-08-02
2026-01-04 13:55:26,334 - db_helper - INFO - running fetch_expenses_for_date is called with 2024-08-02
2026-01-04 13:55:27,272 - db_helper - INFO - running fetch_expenses_for_date is called with 2024-08-02
2026-01-04 13:55:27,304 - db_helper - INFO - running fetch_expense_summary is called with 2024-08-012026-01-04
2026-01-04 13:59:06,088 - db_helper - INFO - running fetch_expenses_for_date is called with 2024-08-02
2026-01-04 13:59:06,116 - db_helper - INFO - running fetch_expense_summary is called with 2024-08-012026-01-04
2026-01-04 14:04:41,168 - db_helper - INFO - running fetch_expenses_for_date is called with 2024-08-02
2026-01-04 14:04:41,201 - db_helper - INFO - running fetch_expense_summary is called with 2024-08-012026-01-04
2026-01-04 14:04:58,203 - db_helper - INFO - running fetch_expenses_for_date is called with 2024-08-02
2026-01-04 14:04:58,236 - db_helper - INFO - running fetch_expense_summary is called with 2024-08-012026-01-04
2026-01-04 14:05:46,494 - db_helper - INFO - running fetch_expenses_for_date is called with 2024-08-02
2026-01-04 14:05:46,526 - db_helper - INFO - running fetch_expense_summary is called with 2024-08-012026-01-04
2026-01-04 14:06:08,765 - db_helper - INFO - running fetch_expenses_for_date is called with 2024-08-02
2026-01-04 14:06:08,804 - db_helper - INFO - running fetch_expense_summary is called with 2024-08-012026-01-04
2026-01-04 14:08:17,916 - db_helper - INFO - running fetch_expenses_for_date is called with 2024-08-02
2026-01-04 14:08:17,952 - db_helper - INFO - running fetch_expense_summary is called with 2024-08-012026-01-04
2026-01-04 14:31:30,786 - db_helper - INFO - running fetch_expenses_for_date is called with 2024-08-02
2026-01-04 14:31:30,820 - db_helper - INFO - running fetch_expense_summary is called with 2024-08-012026-01-04
2026-01-04 14:33:03,184 - db_helper - INFO - running fetch_expenses_for_date is called with 2024-08-02
2026-01-04 14:33:03,218 - db_helper - INFO - running fetch_expense_summary is called with 2024-08-012026-01-04
2026-01-04 14:33:16,995 - db_helper - INFO - running fetch_expenses_for_date is called with 2024-08-02
2026-01-04 14:33:17,026 - db_helper - INFO - running fetch_expense_summary is called with 2024-08-012026-01-04
2026-01-04 14:33:27,494 - db_helper - INFO - running fetch_expenses_for_date is called with 2024-08-02
2026-01-04 14:33:27,530 - db_helper - INFO - running fetch_expense_summary is called with 2024-08-012026-01-04
2026-01-04 14:33:56,611 - db_helper - INFO - running fetch_expenses_for_date is called with 2024-08-02
2026-01-04 14:33:56,657 - db_helper - INFO - running fetch_expense_summary is called with 2024-08-012026-01-04
2026-01-04 14:34:01,195 - db_helper - INFO - running fetch_expenses_for_date is called with 2024-08-02
2026-01-04 14:34:01,233 - db_helper - INFO - running fetch_expense_summary is called with 2024-08-012026-01-04
2026-01-04 14:34:08,848 - db_helper - INFO - running fetch_expenses_for_date is called with 2024-08-02
2026-01-04 14:34:08,881 - db_helper - INFO - running fetch_expense_summary is called with 2024-08-012026-01-04
2026-01-04 14:34:43,355 - db_helper - INFO - running fetch_expenses_for_date is called with 2024-08-02
2026-01-04 14:34:43,390 - db_helper - INFO - running fetch_expense_summary is called with 2024-08-012026-01-04
2026-01-04 14:34:44,130 - db_helper - INFO - running fetch_expenses_for_date is called with 2024-08-02
2026-01-04 14:34:44,163 - db_helper - INFO - running fetch_expense_summary is called with 2024-08-012026-01-04
2026-01-04 14:34:56,222 - db_helper - INFO - running fetch_expenses_for_date is called with 2024-08-02
2026-01-04 14:34:56,261 - db_helper - INFO - running fetch_expense_summary is called with 2024-08-012026-01-04
2026-01-04 14:35:07,656 - db_helper - INFO - running fetch_expenses_for_date is called with 2024-08-02
2026-01-04 14:35:07,692 - db_helper - INFO - running fetch_expense_summary is called with 2024-08-012026-01-04
2026-01-04 14:35:22,288 - db_helper - INFO - running fetch_expenses_for_date is called with 2024-08-02
2026-01-04 14:35:22,319 - db_helper - INFO - running fetch_expense_summary is called with 2024-08-012026-01-04
2026-01-04 14:39:27,821 - db_helper - INFO - running fetch_expenses_for_date is called with 2024-08-02
2026-01-04 14:39:27,855 - db_helper - INFO - running fetch_expense_summary is called with 2024-08-012026-01-04
2026-01-04 14:39:34,697 - db_helper - INFO - running fetch_expenses_for_date is called with 2024-08-02
2026-01-04 14:39:34,739 - db_helper - INFO - running fetch_expense_summary is called with 2024-08-012026-01-04
2026-01-04 14:39:48,486 - db_helper - INFO - running fetch_expenses_for_date is called with 2024-08-02
2026-01-04 14:39:48,526 - db_helper - INFO - running fetch_expense_summary is called with 2024-08-012026-01-04
2026-01-04 14:40:05,468 - db_helper - INFO - running fetch_expenses_for_date is called with 2024-08-02
2026-01-04 14:40:05,509 - db_helper - INFO - running fetch_expense_summary is called with 2024-08-012026-01-04
2026-01-04 14:40:10,433 - db_helper - INFO - running fetch_expenses_for_date is called with 2024-08-02
2026-01-04 14:40:10,466 - db_helper - INFO - running fetch_expense_summary is called with 2024-08-012026-01-04
2026-01-04 14:40:11,670 - db_helper - INFO - running fetch_expenses_for_date is called with 2024-08-02
2026-01-04 14:40:11,698 - db_helper - INFO - running fetch_expense_summary is called with 2024-08-012026-01-04
2026-01-04 14:40:18,771 - db_helper - INFO - running fetch_expenses_for_date is called with 2024-08-02
2026-01-04 14:40:18,806 - db_helper - INFO - running fetch_expense_summary is called with 2024-08-012026-01-04
2026-01-04 14:42:50,148 - db_helper - INFO - running fetch_expenses_for_date is called with 2024-08-02
2026-01-04 14:42:50,181 - db_helper - INFO - running fetch_expense_summary is called with 2024-08-012026-01-04
2026-01-04 14:45:49,727 - db_helper - INFO - running fetch_expenses_for_date is called with 2024-08-02
2026-01-04 14:45:49,765 - db_helper - INFO - running fetch_expense_summary is called with 2024-08-012026-01-04
2026-01-04 14:46:31,854 - db_helper - INFO - running fetch_expenses_for_date is called with 2024-08-02
2026-01-04 14:46:31,894 - db_helper - INFO - running fetch_expense_summary is called with 2024-08-012026-01-04
2026-01-04 14:47:09,198 - db_helper - INFO - running fetch_expenses_for_date is called with 2024-08-02
2026-01-04 14:47:09,230 - db_helper - INFO - running fetch_expense_summary is called with 2024-08-012026-01-04
2026-01-04 14:47:35,207 - db_helper - INFO - running fetch_expenses_for_date is called with 2024-08-01
2026-01-04 14:48:07,229 - db_helper - INFO - running fetch_expenses_for_date is called with 2024-08-01
2026-01-04 14:48:17,672 - db_helper - INFO - running fetch_expenses_for_date is called with 2024-08-01
2026-01-04 14:48:20,785 - db_helper - INFO - running fetch_expenses_for_date is called with 2024-08-01
2026-01-04 14:48:27,905 - db_helper - INFO - running fetch_expenses_for_date is called with 2024-08-01
2026-01-04 14:50:02,567 - db_helper - INFO - running fetch_expenses_for_date is called with 2024-08-01
2026-01-04 14:50:45,523 - db_helper - INFO - running fetch_expenses_for_date is called with 2024-08-02
2026-01-04 14:50:46,821 - db_helper - INFO - running fetch_expenses_for_date is called with 2024-08-01
2026-01-04 14:51:04,539 - db_helper - INFO - running fetch_expenses_for_date is called with 2024-08-01
2026-01-04 14:51:40,968 - db_helper - INFO - running fetch_expenses_for_date is called with 2024-08-02
2026-01-04 14:51:44,461 - db_helper - INFO - running fetch_expenses_for_date is called with 2024-08-01
2026-01-04 14:51:49,577 - db_helper - INFO - running fetch_expenses_for_date is called with 2024-08-01
2026-01-04 14:52:28,911 - db_helper - INFO - running fetch_expenses_for_date is called with 2024-08-02
2026-01-04 14:52:30,987 - db_helper - INFO - running fetch_expenses_for_date is called with 2024-08-01
2026-01-04 14:52:39,285 - db_helper - INFO - running fetch_expenses_for_date is called with 2024-08-01
2026-01-04 14:53:13,445 - db_helper - INFO - running fetch_expenses_for_date is called with 2024-08-01
2026-01-04 14:53:16,033 - db_helper - INFO - running fetch_expenses_for_date is called with 2024-08-01
2026-01-04 14:54:30,284 - db_helper - INFO - running fetch_expenses_for_date is called with 2024-08-01
2026-01-04 14:54:42,684 - db_helper - INFO - running fetch_expenses_for_date is called with 2024-08-01
2026-01-04 14:55:01,197 - db_helper - INFO - running fetch_expenses_for_date is called with 2024-08-01
2026-01-04 14:55:08,433 - db_helper - INFO - running fetch_expenses_for_date is called with 2024-08-01
2026-01-04 14:55:10,947 - db_helper - INFO - running fetch_expenses_for_date is called with 2024-08-01
2026-01-04 14:56:17,368 - db_helper - INFO - running fetch_expenses_for_date is called with 2024-08-01
2026-01-04 15:00:52,378 - db_helper - INFO - running fetch_expenses_for_date is called with 2024-08-01
2026-01-04 15:01:52,372 - db_helper - INFO - running fetch_expenses_for_date is called with 2024-08-01
2026-01-04 15:02:13,463 - db_helper - INFO - running fetch_expenses_for_date is called with 2024-08-01
2026-01-04 15:09:06,385 - db_helper - INFO - running fetch_expenses_for_date is called with 2024-08-01
2026-01-04 15:09:17,327 - db_helper - INFO - running fetch_expenses_for_date is called with 2024-08-01
2026-01-04 15:09:33,719 - db_helper - INFO -  add_expenses_for_date is called with 2024-08-011227.0RentMonthly rent payment
2026-01-04 15:09:33,746 - db_helper - INFO -  add_expenses_for_date is called with 2024-08-01300.0FoodGroceries for the week
2026-01-04 15:09:33,761 - db_helper - INFO -  add_expenses_for_date is called with 2024-08-011200.0RentMonthly rent payment
2026-01-04 15:09:33,773 - db_helper - INFO -  add_expenses_for_date is called with 2024-08-01300.0FoodGroceries for the week
2026-01-04 15:09:33,787 - db_helper - INFO -  add_expenses_for_date is called with 2024-08-01250.0footwearbought 4 pair of shoes
2026-01-04 15:09:33,800 - db_helper - INFO -  add_expenses_for_date is called with 2024-08-014564.0RentDFADFAD
2026-01-04 15:09:33,815 - db_helper - INFO -  add_expenses_for_date is called with 2024-08-018767.0Foodfdfadfa
2026-01-04 15:09:33,830 - db_helper - INFO -  add_expenses_for_date is called with 2024-08-010.0Other
2026-01-04 15:12:33,294 - db_helper - INFO - running fetch_expenses_for_date is called with 2024-08-01
2026-01-04 15:12:33,349 - db_helper - INFO -  add_expenses_for_date is called with 2024-08-011227.0RentMonthly rent payment
2026-01-04 15:12:33,371 - db_helper - INFO -  add_expenses_for_date is called with 2024-08-01300.0FoodGroceries for the week
2026-01-04 15:12:33,391 - db_helper - INFO -  add_expenses_for_date is called with 2024-08-011200.0RentMonthly rent payment
2026-01-04 15:12:33,409 - db_helper - INFO -  add_expenses_for_date is called with 2024-08-01300.0FoodGroceries for the week
2026-01-04 15:12:33,426 - db_helper - INFO -  add_expenses_for_date is called with 2024-08-01250.0footwearbought 4 pair of shoes for me, my sister and my father
2026-01-04 15:12:33,437 - db_helper - INFO -  add_expenses_for_date is called with 2024-08-014564.0RentDFADFAD
2026-01-04 15:12:33,448 - db_helper - INFO -  add_expenses_for_date is called with 2024-08-018767.0Foodfdfadfa
2026-01-04 15:12:42,586 - db_helper - INFO - running fetch_expenses_for_date is called with 2024-08-01
2026-01-04 15:12:42,629 - db_helper - INFO -  add_expenses_for_date is called with 2024-08-011227.0RentMonthly rent payment
2026-01-04 15:12:42,645 - db_helper - INFO -  add_expenses_for_date is called with 2024-08-01300.0FoodGroceries for the week
2026-01-04 15:12:42,661 - db_helper - INFO -  add_expenses_for_date is called with 2024-08-011200.0RentMonthly rent payment
2026-01-04 15:12:42,676 - db_helper - INFO -  add_expenses_for_date is called with 2024-08-01300.0FoodGroceries for the week
2026-01-04 15:12:42,690 - db_helper - INFO -  add_expenses_for_date is called with 2024-08-01250.0footwearbought 4 pair of shoes for me, my sister and my father
2026-01-04 15:12:42,705 - db_helper - INFO -  add_expenses_for_date is called with 2024-08-014564.0RentDFADFAD
2026-01-04 15:12:42,720 - db_helper - INFO -  add_expenses_for_date is called with 2024-08-018767.0Foodfdfadfa
2026-01-04 15:12:42,734 - db_helper - INFO -  add_expenses_for_date is called with 2024-08-010.00594894Fooddfsdfsdfsdfsd
2026-01-07 13:04:42,603 - db_helper - INFO - running fetch_expenses_for_date is called with 2024-08-02
2026-01-07 13:05:46,534 - db_helper - INFO - running fetch_expenses_for_date is called with 2024-08-02
2026-01-07 13:06:51,069 - db_helper - INFO - running fetch_expenses_for_date is called with 2024-08-02
2026-01-07 13:14:51,051 - db_helper - INFO - running fetch_expenses_for_date is called with 2024-08-02
2026-01-07 13:14:52,887 - db_helper - INFO - running fetch_expenses_for_date is called with 2024-08-02
2026-01-07 13:14:52,935 - db_helper - INFO - running fetch_expense_summary is called with 2024-08-022026-01-07
2026-01-07 13:19:49,060 - db_helper - INFO - running fetch_expenses_for_date is called with 2024-08-03
2026-01-08 17:21:22,200 - db_helper - INFO - running fetch_expenses_for_date is called with 2024-08-02
2026-01-08 17:21:27,489 - db_helper - INFO - running fetch_expenses_for_date is called with 2024-08-02
2026-01-08 17:21:27,546 - db_helper - INFO - running fetch_expense_summary is called with 2026-01-082026-01-08
2026-01-08 17:21:28,029 - db_helper - INFO - running fetch_expenses_for_date is called with 2024-08-02
2026-01-08 17:21:28,340 - db_helper - INFO - running fetch_expense_summary is called with 2026-01-082026-01-08
2026-01-08 17:22:06,136 - db_helper - INFO - running fetch_expenses_for_date is called with 2024-08-02
2026-01-08 17:22:06,195 - db_helper - INFO - running fetch_expense_summary is called with 2026-01-082026-01-08
2026-01-08 17:22:07,286 - db_helper - INFO - running fetch_expenses_for_date is called with 2024-08-02
2026-01-08 17:22:07,332 - db_helper - INFO - running fetch_expense_summary is called with 2026-01-082026-01-08
2026-01-08 17:22:08,895 - db_helper - INFO - running fetch_expenses_for_date is called with 2024-08-02
2026-01-08 17:22:11,755 - db_helper - INFO - running fetch_expenses_for_date is called with 2024-08-02
2026-01-08 17:22:11,799 - db_helper - INFO - running fetch_expense_summary is called with 2026-01-092026-01-08
2026-01-08 17:22:59,342 - db_helper - INFO - running fetch_expenses_for_date is called with 2024-08-02
2026-01-08 17:22:59,394 - db_helper - INFO - running fetch_expense_summary is called with 2026-01-092026-01-08
2026-01-08 17:23:10,147 - db_helper - INFO - running fetch_expenses_for_date is called with 2024-08-02
2026-01-08 17:23:10,844 - db_helper - INFO - running fetch_expenses_for_date is called with 2024-08-02
2026-01-08 17:23:10,878 - db_helper - INFO - running fetch_expense_summary is called with 2024-08-022026-01-08
2026-01-08 18:03:36,535 - db_helper - INFO - running fetch_expenses_for_date is called with 2024-08-02
2026-01-08 18:03:36,601 - db_helper - INFO - running fetch_expenses_by_month is called 
2026-01-08 18:16:36,612 - db_helper - INFO - running fetch_expenses_for_date is called with 2024-08-02
2026-01-08 18:16:36,652 - db_helper - INFO - running fetch_expenses_by_month is called 
2026-01-08 18:18:03,161 - db_helper - INFO - running fetch_expenses_for_date is called with 2024-08-02
2026-01-08 18:18:03,227 - db_helper - INFO - running fetch_expenses_by_month is called 
2026-01-08 18:18:50,764 - db_helper - INFO - running fetch_expenses_for_date is called with 2024-08-02
2026-01-08 18:18:50,815 - db_helper - INFO - running fetch_expenses_by_month is called 
2026-01-08 18:24:35,595 - db_helper - INFO - running fetch_expenses_for_date is called with 2024-08-02
2026-01-08 18:24:35,654 - db_helper - INFO - running fetch_expenses_by_month is called 
2026-01-08 18:25:13,215 - db_helper - INFO - running fetch_expenses_for_date is called with 2024-08-02
2026-01-08 18:25:13,256 - db_helper - INFO - running fetch_expense_summary is called with 2026-01-082026-01-08
2026-01-08 18:25:29,961 - db_helper - INFO - running fetch_expenses_for_date is called with 2024-08-02
2026-01-08 18:25:30,005 - db_helper - INFO - running fetch_expense_summary is called with 2026-01-082026-01-08
2026-01-08 18:25:30,675 - db_helper - INFO - running fetch_expenses_for_date is called with 2024-08-02
2026-01-08 18:25:30,720 - db_helper - INFO - running fetch_expense_summary is called with 2026-01-082026-01-08
2026-01-08 18:25:49,705 - db_helper - INFO - running fetch_expenses_for_date is called with 2024-08-02
2026-01-08 18:25:49,758 - db_helper - INFO - running fetch_expenses_by_month is called 
2026-01-08 18:25:50,395 - db_helper - INFO - running fetch_expenses_for_date is called with 2024-08-02
2026-01-08 18:25:50,448 - db_helper - INFO - running fetch_expense_summary is called with 2024-08-012026-01-08
2026-01-08 18:25:50,487 - db_helper - INFO - running fetch_expenses_by_month is called 
2026-01-08 18:25:57,221 - db_helper - INFO - running fetch_expenses_for_date is called with 2024-08-02
2026-01-08 18:25:57,263 - db_helper - INFO - running fetch_expenses_by_month is called 
2026-01-08 18:26:00,987 - db_helper - INFO - running fetch_expenses_for_date is called with 2024-08-02
2026-01-08 18:26:01,025 - db_helper - INFO - running fetch_expense_summary is called with 2024-08-012026-01-08
2026-01-08 18:26:01,061 - db_helper - INFO - running fetch_expenses_by_month is called 
2026-01-08 18:26:13,040 - db_helper - INFO - running fetch_expenses_for_date is called with 2024-08-02
2026-01-08 18:26:13,091 - db_helper - INFO - running fetch_expenses_by_month is called 
2026-01-08 18:26:15,083 - db_helper - INFO - running fetch_expenses_for_date is called with 2024-08-02
2026-01-08 18:26:15,141 - db_helper - INFO - running fetch_expense_summary is called with 2024-08-012026-01-08
2026-01-08 18:26:15,192 - db_helper - INFO - running fetch_expenses_by_month is called 
2026-01-08 18:29:32,202 - db_helper - INFO - running fetch_expenses_for_date is called with 2024-08-02
2026-01-08 18:29:32,243 - db_helper - INFO - running fetch_expenses_by_month is called 
2026-01-08 18:29:35,423 - db_helper - INFO - running fetch_expenses_for_date is called with 2024-08-02
2026-01-08 18:29:35,465 - db_helper - INFO - running fetch_expense_summary is called with 2024-08-012026-01-08
2026-01-08 18:29:35,503 - db_helper - INFO - running fetch_expenses_by_month is called 
2026-01-08 18:30:27,883 - db_helper - INFO - running fetch_expenses_for_date is called with 2024-08-02
2026-01-08 18:30:27,921 - db_helper - INFO - running fetch_expenses_by_month is called 
2026-01-08 18:30:29,553 - db_helper - INFO - running fetch_expenses_for_date is called with 2024-08-02
2026-01-08 18:30:29,591 - db_helper - INFO - running fetch_expense_summary is called with 2024-08-012026-01-08
2026-01-08 18:30:29,628 - db_helper - INFO - running fetch_expenses_by_month is called 
2026-01-08 18:53:36,953 - db_helper - INFO - running fetch_expenses_for_date is called with 2024-08-02
2026-01-08 18:53:37,010 - db_helper - INFO - running fetch_expenses_by_month is called 
2026-01-08 18:54:35,038 - db_helper - INFO -  add_expenses_for_date is called with 2025-12-191060credit card billpaid my credit card
